# JRE version: Java(TM) SE Runtime Environment (17.0.12+8) (build 17.0.12+8-LTS-286)
# Java VM: Java HotSpot(TM) 64-Bit Server VM (17.0.12+8-LTS-286, mixed mode, sharing, tiered, compressed oops, compressed class ptrs, g1 gc, windows-amd64)
GC Precious Log:
 CPUs: 8 total, 8 available
 Memory: 8006M
 Large Page Support: Disabled
 NUMA Support: Disabled
 Compressed Oops: Enabled (32-bit)
 Heap Region Size: 1M
 Heap Min Capacity: 8M
 Heap Initial Capacity: 126M
 Heap Max Capacity: 2002M
 Pre-touch: Disabled
 Parallel Workers: 8
 Concurrent Workers: 2
 Concurrent Refinement Workers: 8
 Periodic GC: Disabled
Heap:
 garbage-first heap   total 239616K, used 77066K [0x0000000082e00000, 0x0000000100000000)
  region size 1024K, 27 young (27648K), 1 survivors (1024K)
 Metaspace       used 59659K, committed 60160K, reserved 1114112K
  class space    used 8118K, committed 8384K, reserved 1048576K
GC Heap History (20 events):
Event: 10.977 GC heap before
{Heap before GC invocations=14 (full 0):
 garbage-first heap   total 61440K, used 48050K [0x0000000082e00000, 0x0000000100000000)
  region size 1024K, 25 young (25600K), 4 survivors (4096K)
 Metaspace       used 53213K, committed 53632K, reserved 1114112K
  class space    used 7208K, committed 7424K, reserved 1048576K
}
Event: 10.996 GC heap after
{Heap after GC invocations=15 (full 0):
 garbage-first heap   total 73728K, used 28476K [0x0000000082e00000, 0x0000000100000000)
  region size 1024K, 4 young (4096K), 4 survivors (4096K)
 Metaspace       used 53213K, committed 53632K, reserved 1114112K
  class space    used 7208K, committed 7424K, reserved 1048576K
}
Event: 11.948 GC heap before
{Heap before GC invocations=15 (full 0):
 garbage-first heap   total 73728K, used 57148K [0x0000000082e00000, 0x0000000100000000)
  region size 1024K, 32 young (32768K), 4 survivors (4096K)
 Metaspace       used 55573K, committed 56000K, reserved 1114112K
  class space    used 7531K, committed 7744K, reserved 1048576K
}
Event: 11.966 GC heap after
{Heap after GC invocations=16 (full 0):
 garbage-first heap   total 73728K, used 31173K [0x0000000082e00000, 0x0000000100000000)
  region size 1024K, 4 young (4096K), 4 survivors (4096K)
 Metaspace       used 55573K, committed 56000K, reserved 1114112K
  class space    used 7531K, committed 7744K, reserved 1048576K
}
Event: 12.370 GC heap before
{Heap before GC invocations=16 (full 0):
 garbage-first heap   total 73728K, used 57797K [0x0000000082e00000, 0x0000000100000000)
  region size 1024K, 30 young (30720K), 4 survivors (4096K)
 Metaspace       used 56670K, committed 57152K, reserved 1114112K
  class space    used 7642K, committed 7872K, reserved 1048576K
}
Event: 12.390 GC heap after
{Heap after GC invocations=17 (full 0):
 garbage-first heap   total 73728K, used 35861K [0x0000000082e00000, 0x0000000100000000)
  region size 1024K, 4 young (4096K), 4 survivors (4096K)
 Metaspace       used 56670K, committed 57152K, reserved 1114112K
  class space    used 7642K, committed 7872K, reserved 1048576K
}
Event: 12.523 GC heap before
{Heap before GC invocations=17 (full 0):
 garbage-first heap   total 73728K, used 56341K [0x0000000082e00000, 0x0000000100000000)
  region size 1024K, 24 young (24576K), 4 survivors (4096K)
 Metaspace       used 56757K, committed 57216K, reserved 1114112K
  class space    used 7645K, committed 7872K, reserved 1048576K
}
Event: 12.542 GC heap after
{Heap after GC invocations=18 (full 0):
 garbage-first heap   total 73728K, used 41316K [0x0000000082e00000, 0x0000000100000000)
  region size 1024K, 3 young (3072K), 3 survivors (3072K)
 Metaspace       used 56757K, committed 57216K, reserved 1114112K
  class space    used 7645K, committed 7872K, reserved 1048576K
}
Event: 12.629 GC heap before
{Heap before GC invocations=18 (full 0):
 garbage-first heap   total 73728K, used 48484K [0x0000000082e00000, 0x0000000100000000)
  region size 1024K, 11 young (11264K), 3 survivors (3072K)
 Metaspace       used 56855K, committed 57280K, reserved 1114112K
  class space    used 7654K, committed 7872K, reserved 1048576K
}
Event: 12.640 GC heap after
{Heap after GC invocations=19 (full 0):
 garbage-first heap   total 115712K, used 43586K [0x0000000082e00000, 0x0000000100000000)
  region size 1024K, 2 young (2048K), 2 survivors (2048K)
 Metaspace       used 56855K, committed 57280K, reserved 1114112K
  class space    used 7654K, committed 7872K, reserved 1048576K
}
Event: 12.863 GC heap before
{Heap before GC invocations=19 (full 0):
 garbage-first heap   total 115712K, used 77378K [0x0000000082e00000, 0x0000000100000000)
  region size 1024K, 35 young (35840K), 2 survivors (2048K)
 Metaspace       used 56892K, committed 57344K, reserved 1114112K
  class space    used 7654K, committed 7872K, reserved 1048576K
}
Event: 12.888 GC heap after
{Heap after GC invocations=20 (full 0):
 garbage-first heap   total 115712K, used 51149K [0x0000000082e00000, 0x0000000100000000)
  region size 1024K, 5 young (5120K), 5 survivors (5120K)
 Metaspace       used 56892K, committed 57344K, reserved 1114112K
  class space    used 7654K, committed 7872K, reserved 1048576K
}
Event: 13.116 GC heap before
{Heap before GC invocations=20 (full 0):
 garbage-first heap   total 115712K, used 80845K [0x0000000082e00000, 0x0000000100000000)
  region size 1024K, 34 young (34816K), 5 survivors (5120K)
 Metaspace       used 57005K, committed 57472K, reserved 1114112K
  class space    used 7654K, committed 7872K, reserved 1048576K
}
Event: 13.141 GC heap after
{Heap after GC invocations=21 (full 0):
 garbage-first heap   total 115712K, used 58353K [0x0000000082e00000, 0x0000000100000000)
  region size 1024K, 5 young (5120K), 5 survivors (5120K)
 Metaspace       used 57005K, committed 57472K, reserved 1114112K
  class space    used 7654K, committed 7872K, reserved 1048576K
}
Event: 13.154 GC heap before
{Heap before GC invocations=21 (full 0):
 garbage-first heap   total 115712K, used 59377K [0x0000000082e00000, 0x0000000100000000)
  region size 1024K, 7 young (7168K), 5 survivors (5120K)
 Metaspace       used 57005K, committed 57472K, reserved 1114112K
  class space    used 7654K, committed 7872K, reserved 1048576K
}
Event: 13.160 GC heap after
{Heap after GC invocations=22 (full 0):
 garbage-first heap   total 115712K, used 59959K [0x0000000082e00000, 0x0000000100000000)
  region size 1024K, 1 young (1024K), 1 survivors (1024K)
 Metaspace       used 57005K, committed 57472K, reserved 1114112K
  class space    used 7654K, committed 7872K, reserved 1048576K
}
Event: 13.463 GC heap before
{Heap before GC invocations=23 (full 0):
 garbage-first heap   total 119808K, used 80439K [0x0000000082e00000, 0x0000000100000000)
  region size 1024K, 26 young (26624K), 1 survivors (1024K)
 Metaspace       used 57134K, committed 57536K, reserved 1114112K
  class space    used 7684K, committed 7872K, reserved 1048576K
}
Event: 13.476 GC heap after
{Heap after GC invocations=24 (full 0):
 garbage-first heap   total 119808K, used 61534K [0x0000000082e00000, 0x0000000100000000)
  region size 1024K, 4 young (4096K), 4 survivors (4096K)
 Metaspace       used 57134K, committed 57536K, reserved 1114112K
  class space    used 7684K, committed 7872K, reserved 1048576K
}
Event: 13.515 GC heap before
{Heap before GC invocations=24 (full 0):
 garbage-first heap   total 119808K, used 62558K [0x0000000082e00000, 0x0000000100000000)
  region size 1024K, 5 young (5120K), 4 survivors (4096K)
 Metaspace       used 57247K, committed 57600K, reserved 1114112K
  class space    used 7699K, committed 7872K, reserved 1048576K
}
Event: 13.531 GC heap after
{Heap after GC invocations=25 (full 0):
 garbage-first heap   total 239616K, used 51466K [0x0000000082e00000, 0x0000000100000000)
  region size 1024K, 1 young (1024K), 1 survivors (1024K)
 Metaspace       used 57247K, committed 57600K, reserved 1114112K
  class space    used 7699K, committed 7872K, reserved 1048576K
}

